#
# There is insufficient memory for the Java Runtime Environment to continue.
# Native memory allocation (malloc) failed to allocate 1202096 bytes for Chunk::new
# Possible reasons:
#   The system is out of physical RAM or swap space
#   The process is running with CompressedOops enabled, and the Java Heap may be blocking the growth of the native heap
# Possible solutions:
#   Reduce memory load on the system
#   Increase physical memory or swap space
#   Check if swap backing store is full
#   Decrease Java heap size (-Xmx/-Xms)
#   Decrease number of Java threads
#   Decrease Java thread stack sizes (-Xss)
#   Set larger code cache with -XX:ReservedCodeCacheSize=
#   JVM is running with Unscaled Compressed Oops mode in which the Java heap is
#     placed in the first 4GB address space. The Java Heap base address is the
#     maximum limit for the native heap growth. Please use -XX:HeapBaseMinAddress
#     to set the Java Heap base and to place the Java Heap above 4GB virtual address.
# This output file may be truncated or incomplete.
#
#  Out of Memory Error (allocation.cpp:389), pid=32304, tid=0x000000000000a0e4
#
# JRE version: OpenJDK Runtime Environment (8.0_242-b01) (build 1.8.0_242-release-1644-b01)
# Java VM: OpenJDK 64-Bit Server VM (25.242-b01 mixed mode windows-amd64 compressed oops)
# Failed to write core dump. Minidumps are not enabled by default on client versions of Windows
#

---------------  T H R E A D  ---------------

Current thread (0x0000000018d03800):  JavaThread "C2 CompilerThread0" daemon [_thread_in_native, id=41188, stack(0x00000000195d0000,0x00000000196d0000)]

Stack: [0x00000000195d0000,0x00000000196d0000]
[error occurred during error reporting (printing stack bounds), id 0xc0000005]

Native frames: (J=compiled Java code, j=interpreted, Vv=VM code, C=native code)


Current CompileTask:
C2:2394597 24955 %     4       com.android.tools.r8.ir.regalloc.LinearScanRegisterAllocator::b @ 623 (1369 bytes)


---------------  P R O C E S S  ---------------

Java Threads: ( => current thread )
  0x000000001c162800 JavaThread "WorkerExecutor Queue Thread 5" [_thread_blocked, id=6384, stack(0x000000002dc80000,0x000000002dd80000)]
  0x000000001c161000 JavaThread "WorkerExecutor Queue Thread 4" [_thread_in_Java, id=37472, stack(0x000000002db80000,0x000000002dc80000)]
  0x000000001c158000 JavaThread "WorkerExecutor Queue Thread 3" [_thread_blocked, id=7604, stack(0x000000002da80000,0x000000002db80000)]
  0x000000001c15e000 JavaThread "WorkerExecutor Queue Thread 2" [_thread_blocked, id=31052, stack(0x000000002d980000,0x000000002da80000)]
  0x000000001c155000 JavaThread "WorkerExecutor Queue" [_thread_blocked, id=36332, stack(0x000000002be00000,0x000000002bf00000)]
  0x000000001c159800 JavaThread "ForkJoinPool.commonPool-worker-1" daemon [_thread_blocked, id=31304, stack(0x0000000027dc0000,0x0000000027ec0000)]
  0x000000001c15c000 JavaThread "ForkJoinPool.commonPool-worker-0" daemon [_thread_blocked, id=43508, stack(0x0000000027cc0000,0x0000000027dc0000)]
  0x000000001c15b000 JavaThread "ForkJoinPool.commonPool-worker-7" daemon [_thread_blocked, id=38476, stack(0x00000000279c0000,0x0000000027ac0000)]
  0x0000000020c1f000 JavaThread "Cache worker for Java compile cache (D:\Data\AndroidStudioProjects\ELD\code_android\rcotrucks\.gradle\6.1.1\javaCompile)" [_thread_blocked, id=19044, stack(0x0000000025ea0000,0x0000000025fa0000)]
  0x0000000020c1e800 JavaThread "Cache worker for execution history cache (D:\Data\AndroidStudioProjects\ELD\code_android\rcotrucks\.gradle\6.1.1\executionHistory)" [_thread_blocked, id=42940, stack(0x0000000025fd0000,0x00000000260d0000)]
  0x0000000020c25000 JavaThread "Execution worker for ':' Thread 7" [_thread_blocked, id=10036, stack(0x0000000027300000,0x0000000027400000)]
  0x0000000020c24800 JavaThread "Execution worker for ':' Thread 6" [_thread_blocked, id=32460, stack(0x0000000027200000,0x0000000027300000)]
  0x0000000020c23000 JavaThread "Execution worker for ':' Thread 5" [_thread_blocked, id=29984, stack(0x0000000026f00000,0x0000000027000000)]
  0x0000000020c21800 JavaThread "Execution worker for ':' Thread 4" [_thread_blocked, id=41412, stack(0x0000000026e00000,0x0000000026f00000)]
  0x0000000020c16000 JavaThread "Execution worker for ':' Thread 3" [_thread_blocked, id=18160, stack(0x0000000026d00000,0x0000000026e00000)]
  0x0000000020c1c000 JavaThread "Execution worker for ':' Thread 2" [_thread_blocked, id=13416, stack(0x0000000026c00000,0x0000000026d00000)]
  0x0000000020c1a000 JavaThread "Execution worker for ':'" [_thread_blocked, id=37916, stack(0x0000000026b00000,0x0000000026c00000)]
  0x0000000020c19000 JavaThread "Cache worker for file content cache (D:\Data\AndroidStudioProjects\ELD\code_android\rcotrucks\.gradle\6.1.1\fileContent)" [_thread_blocked, id=1120, stack(0x0000000024170000,0x0000000024270000)]
  0x0000000020c18800 JavaThread "Cache worker for Build Output Cleanup Cache (D:\Data\AndroidStudioProjects\ELD\code_android\rcotrucks\.gradle\buildOutputCleanup)" [_thread_blocked, id=13308, stack(0x0000000023c70000,0x0000000023d70000)]
  0x0000000020c1d000 JavaThread "Build operations Thread 8" [_thread_blocked, id=43860, stack(0x0000000023b70000,0x0000000023c70000)]
  0x0000000020c17800 JavaThread "Build operations Thread 7" [_thread_blocked, id=38212, stack(0x0000000023a70000,0x0000000023b70000)]
  0x0000000020c16800 JavaThread "Build operations Thread 6" [_thread_blocked, id=27220, stack(0x0000000023970000,0x0000000023a70000)]
  0x000000001c048000 JavaThread "Build operations Thread 5" [_thread_blocked, id=21220, stack(0x0000000023870000,0x0000000023970000)]
  0x000000001c048800 JavaThread "Build operations Thread 4" [_thread_blocked, id=9692, stack(0x0000000023770000,0x0000000023870000)]
  0x000000001c047000 JavaThread "Build operations Thread 3" [_thread_blocked, id=22464, stack(0x0000000023050000,0x0000000023150000)]
  0x000000001c046000 JavaThread "Build operations Thread 2" [_thread_blocked, id=35604, stack(0x0000000021b60000,0x0000000021c60000)]
  0x000000001c03e800 JavaThread "Build operations" [_thread_blocked, id=14776, stack(0x00000000215d0000,0x00000000216d0000)]
  0x000000001c044000 JavaThread "Cache worker for cache directory md-rule (C:\Users\Randy\.gradle\caches\6.1.1\md-rule)" [_thread_blocked, id=9744, stack(0x00000000211d0000,0x00000000212d0000)]
  0x000000001c043000 JavaThread "Cache worker for cache directory md-supplier (C:\Users\Randy\.gradle\caches\6.1.1\md-supplier)" [_thread_blocked, id=15712, stack(0x0000000020090000,0x0000000020190000)]
  0x000000001c042800 JavaThread "Cache worker for file hash cache (D:\Data\AndroidStudioProjects\ELD\code_android\rcotrucks\.gradle\6.1.1\fileHashes)" [_thread_blocked, id=20080, stack(0x000000001fd90000,0x000000001fe90000)]
  0x000000001c041800 JavaThread "Cache worker for checksums cache (D:\Data\AndroidStudioProjects\ELD\code_android\rcotrucks\.gradle\checksums)" [_thread_blocked, id=26336, stack(0x000000001d2f0000,0x000000001d3f0000)]
  0x000000001c044800 JavaThread "Thread-121" [_thread_blocked, id=30920, stack(0x000000001d1f0000,0x000000001d2f0000)]
  0x000000001c03a000 JavaThread "Stdin handler" [_thread_blocked, id=2480, stack(0x000000001d0f0000,0x000000001d1f0000)]
  0x000000001c041000 JavaThread "Asynchronous log dispatcher for DefaultDaemonConnection: socket connection from /127.0.0.1:49170 to /127.0.0.1:52449" [_thread_blocked, id=39644, stack(0x000000001cdf0000,0x000000001cef0000)]
  0x000000001c040000 JavaThread "Daemon worker Thread 3" [_thread_blocked, id=41332, stack(0x000000001ccf0000,0x000000001cdf0000)]
  0x000000001c03b800 JavaThread "Cancel handler" [_thread_blocked, id=27076, stack(0x0000000001440000,0x0000000001540000)]
  0x000000001c03e000 JavaThread "Handler for socket connection from /127.0.0.1:49170 to /127.0.0.1:52449" [_thread_in_native, id=40988, stack(0x0000000001300000,0x0000000001400000)]
  0x000000001c03d000 JavaThread "Daemon Thread 3" [_thread_blocked, id=5932, stack(0x0000000001200000,0x0000000001300000)]
  0x000000001c15c800 JavaThread "Cache worker for Java compile cache (C:\Users\Randy\.gradle\caches\6.1.1\javaCompile)" [_thread_blocked, id=35228, stack(0x0000000027630000,0x0000000027730000)]
  0x0000000020c20800 JavaThread "Cache worker for file content cache (C:\Users\Randy\.gradle\caches\6.1.1\fileContent)" [_thread_blocked, id=29260, stack(0x0000000025da0000,0x0000000025ea0000)]
  0x0000000020c20000 JavaThread "Memory manager" [_thread_blocked, id=38068, stack(0x0000000024a70000,0x0000000024b70000)]
  0x000000001bbee800 JavaThread "Cache worker for execution history cache (C:\Users\Randy\.gradle\caches\6.1.1\executionHistory)" [_thread_blocked, id=43360, stack(0x00000000212d0000,0x00000000213d0000)]
  0x000000001bbea000 JavaThread "Cache worker for file hash cache (C:\Users\Randy\.gradle\caches\6.1.1\fileHashes)" [_thread_blocked, id=13508, stack(0x000000001daf0000,0x000000001dbf0000)]
  0x000000001bbf1000 JavaThread "File lock request listener" [_thread_in_native, id=9076, stack(0x000000001d9f0000,0x000000001daf0000)]
  0x000000001bc18000 JavaThread "Cache worker for journal cache (C:\Users\Randy\.gradle\caches\journal-1)" [_thread_blocked, id=11380, stack(0x000000001d8f0000,0x000000001d9f0000)]
  0x000000001b8b4800 JavaThread "Daemon periodic checks" [_thread_blocked, id=19520, stack(0x000000001cbf0000,0x000000001ccf0000)]
  0x000000001b831800 JavaThread "Incoming local TCP Connector on port 49170" [_thread_in_native, id=26944, stack(0x000000001c9b0000,0x000000001cab0000)]
  0x000000001b7df800 JavaThread "Daemon health stats" [_thread_blocked, id=43720, stack(0x000000001c370000,0x000000001c470000)]
  0x0000000018d38000 JavaThread "Service Thread" daemon [_thread_blocked, id=7732, stack(0x00000000199d0000,0x0000000019ad0000)]
  0x0000000018d18800 JavaThread "C1 CompilerThread3" daemon [_thread_blocked, id=7728, stack(0x00000000198d0000,0x00000000199d0000)]
  0x0000000018d0b000 JavaThread "C2 CompilerThread2" daemon [_thread_in_native, id=26656, stack(0x00000000197d0000,0x00000000198d0000)]
  0x0000000018d09000 JavaThread "C2 CompilerThread1" daemon [_thread_in_native, id=42524, stack(0x00000000196d0000,0x00000000197d0000)]
=>0x0000000018d03800 JavaThread "C2 CompilerThread0" daemon [_thread_in_native, id=41188, stack(0x00000000195d0000,0x00000000196d0000)]
  0x0000000018d01000 JavaThread "Attach Listener" daemon [_thread_blocked, id=38412, stack(0x00000000194d0000,0x00000000195d0000)]
  0x0000000018d00000 JavaThread "Signal Dispatcher" daemon [_thread_blocked, id=148, stack(0x00000000193d0000,0x00000000194d0000)]
  0x000000000313d800 JavaThread "Finalizer" daemon [_thread_blocked, id=38928, stack(0x00000000191d0000,0x00000000192d0000)]
  0x0000000018cf0800 JavaThread "Reference Handler" daemon [_thread_blocked, id=14756, stack(0x00000000190d0000,0x00000000191d0000)]
  0x0000000003042800 JavaThread "main" [_thread_blocked, id=41124, stack(0x0000000002f40000,0x0000000003040000)]

Other Threads:
  0x0000000016ef7000 VMThread [stack: 0x0000000018bd0000,0x0000000018cd0000] [id=42728]
  0x0000000018d39000 WatcherThread [stack: 0x0000000019ad0000,0x0000000019bd0000] [id=36336]

VM state:not at safepoint (normal execution)

VM Mutex/Monitor currently owned by a thread: None

heap address: 0x00000000a0000000, size: 1536 MB, Compressed Oops mode: 32-bit
Narrow klass base: 0x0000000000000000, Narrow klass shift: 3
Compressed class space size: 1073741824 Address: 0x0000000100000000

Heap:
 PSYoungGen      total 403456K, used 206556K [0x00000000e0000000, 0x0000000100000000, 0x0000000100000000)
  eden space 300032K, 68% used [0x00000000e0000000,0x00000000ec8231a0,0x00000000f2500000)
  from space 103424K, 1% used [0x00000000f8a80000,0x00000000f8c14010,0x00000000fef80000)
  to   space 103936K, 0% used [0x00000000f2500000,0x00000000f2500000,0x00000000f8a80000)
 ParOldGen       total 366080K, used 118425K [0x00000000a0000000, 0x00000000b6580000, 0x00000000e0000000)
  object space 366080K, 32% used [0x00000000a0000000,0x00000000a73a64f0,0x00000000b6580000)
 Metaspace       used 99019K, capacity 104104K, committed 105600K, reserved 1140736K
  class space    used 12681K, capacity 13696K, committed 14208K, reserved 1048576K

Card table byte_map: [0x0000000012500000,0x0000000012810000] byte_map_base: 0x0000000012000000

Marking Bits: (ParMarkBitMap*) 0x000000006f34f030
 Begin Bits: [0x0000000013210000, 0x0000000014a10000)
 End Bits:   [0x0000000014a10000, 0x0000000016210000)

Polling page: 0x0000000001550000

CodeCache: size=245760Kb used=73433Kb max_used=73433Kb free=172326Kb
 bounds [0x0000000003140000, 0x0000000007980000, 0x0000000012140000]
 total_blobs=20774 nmethods=19855 adapters=830
 compilation: enabled

Compilation events (10 events):
Event: 2394.543 Thread 0x0000000018d18800 25024       2       com.android.tools.r8.r.n.f::a (49 bytes)
Event: 2394.545 Thread 0x0000000018d18800 nmethod 25024 0x00000000044ab790 code [0x00000000044ab9c0, 0x00000000044ac338]
Event: 2394.545 Thread 0x0000000018d18800 25027       2       com.android.tools.r8.ir.optimize.h::a (36 bytes)
Event: 2394.545 Thread 0x0000000018d18800 nmethod 25027 0x0000000003b8a150 code [0x0000000003b8a2e0, 0x0000000003b8a4f8]
Event: 2394.545 Thread 0x0000000018d18800 25025       2       com.android.tools.r8.u.c.M::a (84 bytes)
Event: 2394.545 Thread 0x0000000018d18800 nmethod 25025 0x00000000044a2ad0 code [0x00000000044a2c80, 0x00000000044a2fc8]
Event: 2394.546 Thread 0x0000000018d18800 25026       2       com.android.tools.r8.u.b.t::<init> (16 bytes)
Event: 2394.546 Thread 0x0000000018d18800 nmethod 25026 0x00000000033a81d0 code [0x00000000033a8340, 0x00000000033a84e8]
Event: 2394.555 Thread 0x0000000018d18800 25028       2       com.android.tools.r8.u.b.a0::a (42 bytes)
Event: 2394.556 Thread 0x0000000018d18800 nmethod 25028 0x0000000006736ad0 code [0x0000000006736c60, 0x0000000006736eb8]

GC Heap History (10 events):
Event: 411.901 GC heap before
{Heap before GC invocations=26 (full 4):
 PSYoungGen      total 403968K, used 403746K [0x00000000e0000000, 0x0000000100000000, 0x0000000100000000)
  eden space 330752K, 99% used [0x00000000e0000000,0x00000000f42f8598,0x00000000f4300000)
  from space 73216K, 99% used [0x00000000f4300000,0x00000000f8a504f0,0x00000000f8a80000)
  to   space 103424K, 0% used [0x00000000f9b00000,0x00000000f9b00000,0x0000000100000000)
 ParOldGen       total 366080K, used 91914K [0x00000000a0000000, 0x00000000b6580000, 0x00000000e0000000)
  object space 366080K, 25% used [0x00000000a0000000,0x00000000a59c2a58,0x00000000b6580000)
 Metaspace       used 96034K, capacity 100508K, committed 103296K, reserved 1138688K
  class space    used 12266K, capacity 13192K, committed 13952K, reserved 1048576K
Event: 411.990 GC heap after
Heap after GC invocations=26 (full 4):
 PSYoungGen      total 403456K, used 83569K [0x00000000e0000000, 0x0000000100000000, 0x0000000100000000)
  eden space 300032K, 0% used [0x00000000e0000000,0x00000000e0000000,0x00000000f2500000)
  from space 103424K, 80% used [0x00000000f9b00000,0x00000000fec9c5d8,0x0000000100000000)
  to   space 112128K, 0% used [0x00000000f2500000,0x00000000f2500000,0x00000000f9280000)
 ParOldGen       total 366080K, used 91914K [0x00000000a0000000, 0x00000000b6580000, 0x00000000e0000000)
  object space 366080K, 25% used [0x00000000a0000000,0x00000000a59c2a58,0x00000000b6580000)
 Metaspace       used 96034K, capacity 100508K, committed 103296K, reserved 1138688K
  class space    used 12266K, capacity 13192K, committed 13952K, reserved 1048576K
}
Event: 412.992 GC heap before
{Heap before GC invocations=27 (full 4):
 PSYoungGen      total 403456K, used 383601K [0x00000000e0000000, 0x0000000100000000, 0x0000000100000000)
  eden space 300032K, 100% used [0x00000000e0000000,0x00000000f2500000,0x00000000f2500000)
  from space 103424K, 80% used [0x00000000f9b00000,0x00000000fec9c5d8,0x0000000100000000)
  to   space 112128K, 0% used [0x00000000f2500000,0x00000000f2500000,0x00000000f9280000)
 ParOldGen       total 366080K, used 91914K [0x00000000a0000000, 0x00000000b6580000, 0x00000000e0000000)
  object space 366080K, 25% used [0x00000000a0000000,0x00000000a59c2a58,0x00000000b6580000)
 Metaspace       used 96047K, capacity 100512K, committed 103296K, reserved 1138688K
  class space    used 12266K, capacity 13192K, committed 13952K, reserved 1048576K
Event: 413.034 GC heap after
Heap after GC invocations=27 (full 4):
 PSYoungGen      total 305152K, used 4966K [0x00000000e0000000, 0x0000000100000000, 0x0000000100000000)
  eden space 300032K, 0% used [0x00000000e0000000,0x00000000e0000000,0x00000000f2500000)
  from space 5120K, 97% used [0x00000000f2500000,0x00000000f29d9be8,0x00000000f2a00000)
  to   space 113152K, 0% used [0x00000000f9180000,0x00000000f9180000,0x0000000100000000)
 ParOldGen       total 366080K, used 102265K [0x00000000a0000000, 0x00000000b6580000, 0x00000000e0000000)
  object space 366080K, 27% used [0x00000000a0000000,0x00000000a63de758,0x00000000b6580000)
 Metaspace       used 96047K, capacity 100512K, committed 103296K, reserved 1138688K
  class space    used 12266K, capacity 13192K, committed 13952K, reserved 1048576K
}
Event: 419.383 GC heap before
{Heap before GC invocations=28 (full 4):
 PSYoungGen      total 305152K, used 304998K [0x00000000e0000000, 0x0000000100000000, 0x0000000100000000)
  eden space 300032K, 100% used [0x00000000e0000000,0x00000000f2500000,0x00000000f2500000)
  from space 5120K, 97% used [0x00000000f2500000,0x00000000f29d9be8,0x00000000f2a00000)
  to   space 113152K, 0% used [0x00000000f9180000,0x00000000f9180000,0x0000000100000000)
 ParOldGen       total 366080K, used 102265K [0x00000000a0000000, 0x00000000b6580000, 0x00000000e0000000)
  object space 366080K, 27% used [0x00000000a0000000,0x00000000a63de758,0x00000000b6580000)
 Metaspace       used 97510K, capacity 102108K, committed 104576K, reserved 1140736K
  class space    used 12529K, capacity 13482K, committed 14208K, reserved 1048576K
Event: 419.391 GC heap after
Heap after GC invocations=28 (full 4):
 PSYoungGen      total 413696K, used 17780K [0x00000000e0000000, 0x0000000100000000, 0x0000000100000000)
  eden space 300544K, 0% used [0x00000000e0000000,0x00000000e0000000,0x00000000f2580000)
  from space 113152K, 15% used [0x00000000f9180000,0x00000000fa2dd190,0x0000000100000000)
  to   space 110592K, 0% used [0x00000000f2580000,0x00000000f2580000,0x00000000f9180000)
 ParOldGen       total 366080K, used 102983K [0x00000000a0000000, 0x00000000b6580000, 0x00000000e0000000)
  object space 366080K, 28% used [0x00000000a0000000,0x00000000a6491f50,0x00000000b6580000)
 Metaspace       used 97510K, capacity 102108K, committed 104576K, reserved 1140736K
  class space    used 12529K, capacity 13482K, committed 14208K, reserved 1048576K
}
Event: 2391.862 GC heap before
{Heap before GC invocations=29 (full 4):
 PSYoungGen      total 413696K, used 318324K [0x00000000e0000000, 0x0000000100000000, 0x0000000100000000)
  eden space 300544K, 100% used [0x00000000e0000000,0x00000000f2580000,0x00000000f2580000)
  from space 113152K, 15% used [0x00000000f9180000,0x00000000fa2dd190,0x0000000100000000)
  to   space 110592K, 0% used [0x00000000f2580000,0x00000000f2580000,0x00000000f9180000)
 ParOldGen       total 366080K, used 102983K [0x00000000a0000000, 0x00000000b6580000, 0x00000000e0000000)
  object space 366080K, 28% used [0x00000000a0000000,0x00000000a6491f50,0x00000000b6580000)
 Metaspace       used 98709K, capacity 103764K, committed 105344K, reserved 1140736K
  class space    used 12663K, capacity 13658K, committed 14208K, reserved 1048576K
Event: 2391.885 GC heap after
Heap after GC invocations=29 (full 4):
 PSYoungGen      total 340992K, used 40059K [0x00000000e0000000, 0x00000000fef80000, 0x0000000100000000)
  eden space 300544K, 0% used [0x00000000e0000000,0x00000000e0000000,0x00000000f2580000)
  from space 40448K, 99% used [0x00000000f2580000,0x00000000f4c9ed98,0x00000000f4d00000)
  to   space 103424K, 0% used [0x00000000f8a80000,0x00000000f8a80000,0x00000000fef80000)
 ParOldGen       total 366080K, used 103023K [0x00000000a0000000, 0x00000000b6580000, 0x00000000e0000000)
  object space 366080K, 28% used [0x00000000a0000000,0x00000000a649bf50,0x00000000b6580000)
 Metaspace       used 98709K, capacity 103764K, committed 105344K, reserved 1140736K
  class space    used 12663K, capacity 13658K, committed 14208K, reserved 1048576K
}
Event: 2393.612 GC heap before
{Heap before GC invocations=30 (full 4):
 PSYoungGen      total 340992K, used 340603K [0x00000000e0000000, 0x00000000fef80000, 0x0000000100000000)
  eden space 300544K, 100% used [0x00000000e0000000,0x00000000f2580000,0x00000000f2580000)
  from space 40448K, 99% used [0x00000000f2580000,0x00000000f4c9ed98,0x00000000f4d00000)
  to   space 103424K, 0% used [0x00000000f8a80000,0x00000000f8a80000,0x00000000fef80000)
 ParOldGen       total 366080K, used 103023K [0x00000000a0000000, 0x00000000b6580000, 0x00000000e0000000)
  object space 366080K, 28% used [0x00000000a0000000,0x00000000a649bf50,0x00000000b6580000)
 Metaspace       used 98788K, capacity 103842K, committed 105600K, reserved 1140736K
  class space    used 12664K, capacity 13659K, committed 14208K, reserved 1048576K
Event: 2393.628 GC heap after
Heap after GC invocations=30 (full 4):
 PSYoungGen      total 403456K, used 1616K [0x00000000e0000000, 0x0000000100000000, 0x0000000100000000)
  eden space 300032K, 0% used [0x00000000e0000000,0x00000000e0000000,0x00000000f2500000)
  from space 103424K, 1% used [0x00000000f8a80000,0x00000000f8c14010,0x00000000fef80000)
  to   space 103936K, 0% used [0x00000000f2500000,0x00000000f2500000,0x00000000f8a80000)
 ParOldGen       total 366080K, used 118425K [0x00000000a0000000, 0x00000000b6580000, 0x00000000e0000000)
  object space 366080K, 32% used [0x00000000a0000000,0x00000000a73a64f0,0x00000000b6580000)
 Metaspace       used 98788K, capacity 103842K, committed 105600K, reserved 1140736K
  class space    used 12664K, capacity 13659K, committed 14208K, reserved 1048576K
}

Deoptimization events (10 events):
Event: 2393.657 Thread 0x000000001c15c000 Uncommon trap: reason=bimorphic action=maybe_recompile pc=0x000000000747b9e8 method=java.nio.file.Files.walkFileTree(Ljava/nio/file/Path;Ljava/util/Set;ILjava/nio/file/FileVisitor;)Ljava/nio/file/Path; @ 144
Event: 2393.802 Thread 0x000000001c15c000 Uncommon trap: reason=unstable_if action=reinterpret pc=0x00000000036501a0 method=org.objectweb.asm.ClassReader.readUtf(II[C)Ljava/lang/String; @ 41
Event: 2393.867 Thread 0x000000001c155000 Uncommon trap: reason=unstable_if action=reinterpret pc=0x00000000048d74d4 method=sun.nio.fs.WindowsPath.resolve(Ljava/nio/file/Path;)Lsun/nio/fs/WindowsPath; @ 18
Event: 2393.921 Thread 0x000000001c161000 Uncommon trap: reason=unstable_if action=reinterpret pc=0x0000000004d02180 method=com.android.tools.r8.ir.regalloc.i.b(I)Z @ 33
Event: 2393.922 Thread 0x000000001c161000 Uncommon trap: reason=bimorphic action=maybe_recompile pc=0x000000000725f8bc method=com.android.tools.r8.u.b.g1.B()Z @ 11
Event: 2393.927 Thread 0x000000001c161000 Uncommon trap: reason=bimorphic action=maybe_recompile pc=0x000000000725f8bc method=com.android.tools.r8.u.b.g1.B()Z @ 11
Event: 2393.929 Thread 0x000000001c161000 Uncommon trap: reason=bimorphic action=maybe_recompile pc=0x000000000725f8bc method=com.android.tools.r8.u.b.g1.B()Z @ 11
Event: 2393.930 Thread 0x000000001c161000 Uncommon trap: reason=bimorphic action=maybe_recompile pc=0x000000000725f8bc method=com.android.tools.r8.u.b.g1.B()Z @ 11
Event: 2393.972 Thread 0x000000001c161000 Uncommon trap: reason=unstable_if action=reinterpret pc=0x00000000041d39d4 method=com.android.tools.r8.s.a.a.b.W.b([Ljava/lang/Object;I)Lcom/android/tools/r8/s/a/a/b/W; @ 1
Event: 2394.353 Thread 0x000000001c161000 Uncommon trap: reason=unstable_if action=reinterpret pc=0x000000000724bb28 method=java.util.PriorityQueue.remove(Ljava/lang/Object;)Z @ 8

Classes redefined (0 events):
No events

Internal exceptions (10 events):
Event: 2391.009 Thread 0x0000000020c24800 Exception <a 'sun/nio/fs/WindowsException'> (0x00000000e9e60e38) thrown at [C:\src\AOSP-openjdk-git\hotspot\src\share\vm\prims\jni.cpp, line 710]
Event: 2391.009 Thread 0x0000000020c24800 Exception <a 'sun/nio/fs/WindowsException'> (0x00000000e9e62c98) thrown at [C:\src\AOSP-openjdk-git\hotspot\src\share\vm\prims\jni.cpp, line 710]
Event: 2391.009 Thread 0x0000000020c24800 Exception <a 'sun/nio/fs/WindowsException'> (0x00000000e9e63970) thrown at [C:\src\AOSP-openjdk-git\hotspot\src\share\vm\prims\jni.cpp, line 710]
Event: 2391.009 Thread 0x0000000020c24800 Exception <a 'sun/nio/fs/WindowsException'> (0x00000000e9e646b8) thrown at [C:\src\AOSP-openjdk-git\hotspot\src\share\vm\prims\jni.cpp, line 710]
Event: 2391.408 Thread 0x0000000020c24800 Implicit null exception at 0x000000000520bc70 to 0x000000000520dd1f
Event: 2392.000 Thread 0x0000000020c24800 Implicit null exception at 0x00000000050305ed to 0x0000000005030c89
Event: 2393.651 Thread 0x000000001c15c000 Exception <a 'sun/nio/fs/WindowsException'> (0x00000000e01e0f18) thrown at [C:\src\AOSP-openjdk-git\hotspot\src\share\vm\prims\jni.cpp, line 710]
Event: 2393.883 Thread 0x000000001c15e000 Exception <a 'sun/nio/fs/WindowsException'> (0x00000000e2cda9a0) thrown at [C:\src\AOSP-openjdk-git\hotspot\src\share\vm\prims\jni.cpp, line 710]
Event: 2393.891 Thread 0x000000001c161000 Exception <a 'sun/nio/fs/WindowsException'> (0x00000000e33a7358) thrown at [C:\src\AOSP-openjdk-git\hotspot\src\share\vm\prims\jni.cpp, line 710]
Event: 2393.893 Thread 0x000000001c15e000 Exception <a 'sun/nio/fs/WindowsException'> (0x00000000e333e410) thrown at [C:\src\AOSP-openjdk-git\hotspot\src\share\vm\prims\jni.cpp, line 710]

Events (10 events):
Event: 2394.554 Thread 0x000000001c161000 DEOPT PACKING pc=0x0000000005a7b6d2 sp=0x000000002dc7d010
Event: 2394.554 Thread 0x000000001c161000 DEOPT UNPACKING pc=0x00000000031875d0 sp=0x000000002dc7ce88 mode 0
Event: 2394.565 Thread 0x000000001c161000 DEOPT PACKING pc=0x0000000006096cde sp=0x000000002dc7cf00
Event: 2394.565 Thread 0x000000001c161000 DEOPT UNPACKING pc=0x00000000031875d0 sp=0x000000002dc7cd00 mode 0
Event: 2394.575 Thread 0x000000001c161000 DEOPT PACKING pc=0x0000000005a8ccd6 sp=0x000000002dc7d2c0
Event: 2394.575 Thread 0x000000001c161000 DEOPT UNPACKING pc=0x00000000031875d0 sp=0x000000002dc7d198 mode 0
Event: 2394.578 Thread 0x000000001c161000 DEOPT PACKING pc=0x0000000005ef9d5d sp=0x000000002dc7d050
Event: 2394.578 Thread 0x000000001c161000 DEOPT UNPACKING pc=0x00000000031875d0 sp=0x000000002dc7d080 mode 0
Event: 2394.580 Thread 0x000000001c161000 DEOPT PACKING pc=0x0000000005d61781 sp=0x000000002dc7cf40
Event: 2394.580 Thread 0x000000001c161000 DEOPT UNPACKING pc=0x00000000031875d0 sp=0x000000002dc7ce48 mode 0


Dynamic libraries:
0x00007ff767a50000 - 0x00007ff767a81000 	D:\Program Files\Android\Android Studio\jre\bin\java.exe
0x00007ffcbd8b0000 - 0x00007ffcbdaa5000 	C:\WINDOWS\SYSTEM32\ntdll.dll
0x00007ffcbd7b0000 - 0x00007ffcbd86d000 	C:\WINDOWS\System32\KERNEL32.DLL
0x00007ffcbb520000 - 0x00007ffcbb7e8000 	C:\WINDOWS\System32\KERNELBASE.dll
0x00007ffcbd050000 - 0x00007ffcbd0fc000 	C:\WINDOWS\System32\ADVAPI32.dll
0x00007ffcbd710000 - 0x00007ffcbd7ae000 	C:\WINDOWS\System32\msvcrt.dll
0x00007ffcbcf40000 - 0x00007ffcbcfdb000 	C:\WINDOWS\System32\sechost.dll
0x00007ffcbd100000 - 0x00007ffcbd22b000 	C:\WINDOWS\System32\RPCRT4.dll
0x00007ffcbc880000 - 0x00007ffcbca20000 	C:\WINDOWS\System32\USER32.dll
0x00007ffcbb100000 - 0x00007ffcbb122000 	C:\WINDOWS\System32\win32u.dll
0x00007ffcbc7d0000 - 0x00007ffcbc7fa000 	C:\WINDOWS\System32\GDI32.dll
0x00007ffcbaff0000 - 0x00007ffcbb0fb000 	C:\WINDOWS\System32\gdi32full.dll
0x00007ffcbb880000 - 0x00007ffcbb91d000 	C:\WINDOWS\System32\msvcp_win.dll
0x00007ffcbb3c0000 - 0x00007ffcbb4c0000 	C:\WINDOWS\System32\ucrtbase.dll
0x00007ffcad1e0000 - 0x00007ffcad47a000 	C:\WINDOWS\WinSxS\amd64_microsoft.windows.common-controls_6595b64144ccf1df_6.0.19041.1052_none_60b8f8fd71f5e8cb\COMCTL32.dll
0x00007ffcbbe50000 - 0x00007ffcbbe80000 	C:\WINDOWS\System32\IMM32.DLL
0x000000006e9c0000 - 0x000000006ea92000 	D:\Program Files\Android\Android Studio\jre\jre\bin\msvcr100.dll
0x000000006eb80000 - 0x000000006f3cb000 	D:\Program Files\Android\Android Studio\jre\jre\bin\server\jvm.dll
0x00007ffcbd640000 - 0x00007ffcbd648000 	C:\WINDOWS\System32\PSAPI.DLL
0x00007ffca69b0000 - 0x00007ffca69b9000 	C:\WINDOWS\SYSTEM32\WSOCK32.dll
0x00007ffcaa4e0000 - 0x00007ffcaa507000 	C:\WINDOWS\SYSTEM32\WINMM.dll
0x00007ffcb2430000 - 0x00007ffcb243a000 	C:\WINDOWS\SYSTEM32\VERSION.dll
0x00007ffcbcfe0000 - 0x00007ffcbd04b000 	C:\WINDOWS\System32\WS2_32.dll
0x00007ffcb6b80000 - 0x00007ffcb6b8f000 	D:\Program Files\Android\Android Studio\jre\jre\bin\verify.dll
0x00007ffca5c60000 - 0x00007ffca5c89000 	D:\Program Files\Android\Android Studio\jre\jre\bin\java.dll
0x00007ffcb6b60000 - 0x00007ffcb6b76000 	D:\Program Files\Android\Android Studio\jre\jre\bin\zip.dll
0x00007ffcbbfb0000 - 0x00007ffcbc6ef000 	C:\WINDOWS\System32\SHELL32.dll
0x00007ffcb9160000 - 0x00007ffcb98f0000 	C:\WINDOWS\SYSTEM32\windows.storage.dll
0x00007ffcbb920000 - 0x00007ffcbbc75000 	C:\WINDOWS\System32\combase.dll
0x00007ffcba990000 - 0x00007ffcba9bc000 	C:\WINDOWS\SYSTEM32\Wldp.dll
0x00007ffcbbc80000 - 0x00007ffcbbd2e000 	C:\WINDOWS\System32\SHCORE.dll
0x00007ffcbd2a0000 - 0x00007ffcbd2f5000 	C:\WINDOWS\System32\shlwapi.dll
0x00007ffcbaf30000 - 0x00007ffcbaf4f000 	C:\WINDOWS\SYSTEM32\profapi.dll
0x00007ffca6d30000 - 0x00007ffca6d4a000 	D:\Program Files\Android\Android Studio\jre\jre\bin\net.dll
0x00007ffcba700000 - 0x00007ffcba76a000 	C:\WINDOWS\system32\mswsock.dll
0x00007ffca5cb0000 - 0x00007ffca5cc3000 	D:\Program Files\Android\Android Studio\jre\jre\bin\nio.dll
0x00007ffca1370000 - 0x00007ffca1396000 	C:\Users\Randy\.gradle\native\31\windows-amd64\native-platform.dll
0x00007ffcb3fc0000 - 0x00007ffcb3fcd000 	D:\Program Files\Android\Android Studio\jre\jre\bin\management.dll
0x00007ffcba8d0000 - 0x00007ffcba8e8000 	C:\WINDOWS\SYSTEM32\CRYPTSP.dll
0x00007ffcba0a0000 - 0x00007ffcba0d4000 	C:\WINDOWS\system32\rsaenh.dll
0x00007ffcbb340000 - 0x00007ffcbb367000 	C:\WINDOWS\System32\bcrypt.dll
0x00007ffcbaef0000 - 0x00007ffcbaf1e000 	C:\WINDOWS\SYSTEM32\USERENV.dll
0x00007ffcbb7f0000 - 0x00007ffcbb873000 	C:\WINDOWS\System32\bcryptprimitives.dll
0x00007ffcba8f0000 - 0x00007ffcba8fc000 	C:\WINDOWS\SYSTEM32\CRYPTBASE.dll
0x00007ffcba3f0000 - 0x00007ffcba42b000 	C:\WINDOWS\SYSTEM32\IPHLPAPI.DLL
0x00007ffcbd290000 - 0x00007ffcbd298000 	C:\WINDOWS\System32\NSI.dll
0x00007ffcb5370000 - 0x00007ffcb5387000 	C:\WINDOWS\SYSTEM32\dhcpcsvc6.DLL
0x00007ffcb4f50000 - 0x00007ffcb4f6d000 	C:\WINDOWS\SYSTEM32\dhcpcsvc.DLL
0x00007ffcba430000 - 0x00007ffcba4fc000 	C:\WINDOWS\SYSTEM32\DNSAPI.dll
0x00007ffca0c10000 - 0x00007ffca0c34000 	D:\Program Files\Android\Android Studio\jre\jre\bin\sunec.dll
0x00007ffcafb20000 - 0x00007ffcafb2a000 	C:\Windows\System32\rasadhlp.dll
0x00007ffcae390000 - 0x00007ffcae40f000 	C:\WINDOWS\System32\fwpuclnt.dll
0x00007ffca5ca0000 - 0x00007ffca5cab000 	D:\Program Files\Android\Android Studio\jre\jre\bin\sunmscapi.dll
0x00007ffcbb130000 - 0x00007ffcbb28f000 	C:\WINDOWS\System32\CRYPT32.dll

VM Arguments:
jvm_args: -Xmx1536m -Dfile.encoding=windows-1252 -Duser.country=US -Duser.language=en -Duser.variant 
java_command: org.gradle.launcher.daemon.bootstrap.GradleDaemon 6.1.1
java_class_path (initial): C:\Users\Randy\.gradle\wrapper\dists\gradle-6.1.1-bin\4i3ntwqiazourd86epxcz427c\gradle-6.1.1\lib\gradle-launcher-6.1.1.jar
Launcher Type: SUN_STANDARD

Environment Variables:
JAVA_HOME=C:\Program Files\Java\jre1.8.0_261
JRE_HOME=C:\Program Files\Java\jre1.8.0_261
PATH=D:\Program Files\Python39\Scripts\;D:\Program Files\Python39\;C:\Program Files (x86)\Common Files\Oracle\Java\javapath;D:\app\Randy\virtual\product\12.2.0\dbhome_1\bin;C:\Program Files (x86)\Intel\iCLS Client\;C:\Program Files\Intel\iCLS Client\;C:\WINDOWS\system32;C:\WINDOWS;C:\WINDOWS\System32\Wbem;C:\WINDOWS\System32\WindowsPowerShell\v1.0\;C:\Program Files (x86)\Windows Live\Shared;C:\Program Files (x86)\Intel\OpenCL SDK\3.0\bin\x86;C:\Program Files (x86)\Intel\OpenCL SDK\3.0\bin\x64;C:\Program Files\Intel\Intel(R) Management Engine Components\DAL;C:\Program Files\Intel\Intel(R) Management Engine Components\IPT;C:\Program Files (x86)\Intel\Intel(R) Management Engine Components\DAL;C:\Program Files (x86)\Intel\Intel(R) Management Engine Components\IPT;C:\Program Files\Java\jre1.8.0_261\bin;D:\programs\QuickTime\QTSystem\;d:\programs\MATLAB\R2015b\bin;D:\AppData\Android\android-sdk\platform-tools;D:\AppData\Android\android-sdk\tools;C:\Program Files (x86)\Adobe\PDF IFilter 6.0;C:\WINDOWS\System32\OpenSSH\;C:\Users\Randy\AppData\Local\particledev\bin;C:\Users\Randy\AppData\Local\Microsoft\WindowsApps;C:\OpenSSL-Win32\bin;C:\Users\Randy\AppData\Local\particle\bin;C:\Users\Randy\AppData\Local\Programs\Microsoft VS Code\bin;C:\Users\Randy\AppData\Local\Microsoft\WindowsApps;C:\Users\Randy\AppData\Local\GitHubDesktop\bin
USERNAME=Randy
OS=Windows_NT
PROCESSOR_IDENTIFIER=Intel64 Family 6 Model 60 Stepping 3, GenuineIntel



---------------  S Y S T E M  ---------------

OS: Windows 10.0 , 64 bit Build 19041 (10.0.19041.1023)

CPU:total 8 (initial active 8) (4 cores per cpu, 2 threads per core) family 6 model 60 stepping 3, cmov, cx8, fxsr, mmx, sse, sse2, sse3, ssse3, sse4.1, sse4.2, popcnt, avx, avx2, aes, clmul, erms, lzcnt, ht, tsc, tscinvbit, bmi1, bmi2

Memory: 4k page, physical 16450912k(2582512k free), swap 16450912k(4096k free)

vm_info: OpenJDK 64-Bit Server VM (25.242-b01) for windows-amd64 JRE (1.8.0_242-release-1644-b01), built by "builder" with MS VC++ 10.0 (VS2010)

time: Sun Jun 27 17:59:37 2021
timezone: Pacific Daylight Time
elapsed time: 2394 seconds (0d 0h 39m 54s)

